2024-04-01 14:33:09,093 [ERROR] LogOutputStream:75 - [STDERR_REDIRECT] 
2024-04-01 14:33:24,318 [INFO] Activator:176 - 


2024-04-01 14:33:24,320 [INFO] Activator:177 - !SESSION log4j initialized
2024-04-01 14:33:29,132 [ERROR] LogOutputStream:75 - [STDERR_REDIRECT] 
2024-04-01 14:33:29,621 [INFO] LogOutputStream:77 - [STDOUT_REDIRECT] 
2024-04-01 14:33:31,565 [INFO] LogOutputStream:77 - [STDOUT_REDIRECT] 
2024-04-01 14:33:32,885 [INFO] ApplicationProperties:184 - Using Application install path: /Applications/STM32CubeIDE.app/Contents/Eclipse/plugins/com.st.stm32cube.common.mx_6.10.0.202311202037
2024-04-01 14:33:32,900 [INFO] DbMcusXml:78 - Set database path to: /Applications/STM32CubeIDE.app/Contents/Eclipse/plugins/com.st.stm32cube.common.mx_6.10.0.202311202037//db//mcu/
2024-04-01 14:33:32,900 [INFO] ApiDb:274 - Set plugin database path to: /Applications/STM32CubeIDE.app/Contents/Eclipse/plugins/com.st.stm32cube.common.mx_6.10.0.202311202037//db//plugins/boardmanager/
2024-04-01 14:33:32,901 [WARN] ApiDb:259 - Overriding images path with different value:  => /Applications/STM32CubeIDE.app/Contents/Eclipse/plugins/com.st.stm32cube.common.mx_6.10.0.202311202037//db//plugins/mcufinder/images/
2024-04-01 14:33:32,909 [INFO] ApiDb:250 - Set database path to: /Users/robert/.stmcufinder/plugins/mcufinder//mcu/
2024-04-01 14:33:32,910 [INFO] DbMcusAds:125 - Set database path to: /Users/robert/.stmcufinder/plugins/mcufinder//mcu/
2024-04-01 14:33:32,912 [INFO] CrossReferenceDbSqlite:203 - Set database path to: /Users/robert/.stmcufinder/plugins/mcufinder//mcu/cs/
2024-04-01 14:33:33,044 [INFO] RulesReader:64 - Compatibility file has been processed (297 Rules)
2024-04-01 14:33:33,126 [INFO] DbMcusXml:78 - Set database path to: /Applications/STM32CubeIDE.app/Contents/Eclipse/plugins/com.st.stm32cube.common.mx_6.10.0.202311202037//db//mcu/
2024-04-01 14:33:33,127 [INFO] ApiDb:274 - Set plugin database path to: /Applications/STM32CubeIDE.app/Contents/Eclipse/plugins/com.st.stm32cube.common.mx_6.10.0.202311202037//db//plugins/boardmanager/
2024-04-01 14:33:33,127 [INFO] ApiDb:261 - Set plugin images path to: /Applications/STM32CubeIDE.app/Contents/Eclipse/plugins/com.st.stm32cube.common.mx_6.10.0.202311202037//db//plugins/mcufinder/images/
2024-04-01 14:33:33,128 [WARN] DbFile:41 - Overriding database path with different value: /Users/robert/.stmcufinder/plugins/mcufinder/ => /Users/robert/.stmcufinder/plugins/mcufinder
2024-04-01 14:33:33,128 [INFO] ApiDb:250 - Set database path to: /Users/robert/.stmcufinder/plugins/mcufinder//mcu/
2024-04-01 14:33:33,128 [WARN] DbFile:41 - Overriding database path with different value: /Users/robert/.stmcufinder/plugins/mcufinder/ => /Users/robert/.stmcufinder/plugins/mcufinder
2024-04-01 14:33:33,128 [INFO] DbMcusAds:125 - Set database path to: /Users/robert/.stmcufinder/plugins/mcufinder//mcu/
2024-04-01 14:33:33,128 [WARN] DbFile:41 - Overriding database path with different value: /Users/robert/.stmcufinder/plugins/mcufinder/ => /Users/robert/.stmcufinder/plugins/mcufinder
2024-04-01 14:33:33,128 [WARN] DbFile:41 - Overriding database path with different value: /Users/robert/.stmcufinder/plugins/mcufinder/ => /Users/robert/.stmcufinder/plugins/mcufinder
2024-04-01 14:33:33,128 [INFO] CrossReferenceDbSqlite:203 - Set database path to: /Users/robert/.stmcufinder/plugins/mcufinder//mcu/cs/
2024-04-01 14:33:33,278 [INFO] MainPanel:264 - HeapMemory: 304087040
2024-04-01 14:33:33,306 [ERROR] LogOutputStream:75 - [STDERR_REDIRECT] [Fatal Error] :2:10: DOCTYPE is disallowed when the feature "http://apache.org/xml/features/disallow-doctype-decl" set to true.
2024-04-01 14:33:33,322 [ERROR] LogOutputStream:75 - [STDERR_REDIRECT] 
2024-04-01 14:33:33,368 [INFO] DbMcusXml:78 - Set database path to: /Applications/STM32CubeIDE.app/Contents/Eclipse/plugins/com.st.stm32cube.common.mx_6.10.0.202311202037//db//mcu/
2024-04-01 14:33:33,368 [INFO] ApiDb:274 - Set plugin database path to: /Applications/STM32CubeIDE.app/Contents/Eclipse/plugins/com.st.stm32cube.common.mx_6.10.0.202311202037//db//plugins/boardmanager/
2024-04-01 14:33:33,369 [INFO] ApiDb:261 - Set plugin images path to: /Applications/STM32CubeIDE.app/Contents/Eclipse/plugins/com.st.stm32cube.common.mx_6.10.0.202311202037//db//plugins/mcufinder/images/
2024-04-01 14:33:33,369 [WARN] DbFile:41 - Overriding database path with different value: /Users/robert/.stmcufinder/plugins/mcufinder/ => /Users/robert/.stmcufinder/plugins/mcufinder
2024-04-01 14:33:33,369 [INFO] ApiDb:250 - Set database path to: /Users/robert/.stmcufinder/plugins/mcufinder//mcu/
2024-04-01 14:33:33,369 [WARN] DbFile:41 - Overriding database path with different value: /Users/robert/.stmcufinder/plugins/mcufinder/ => /Users/robert/.stmcufinder/plugins/mcufinder
2024-04-01 14:33:33,369 [INFO] DbMcusAds:125 - Set database path to: /Users/robert/.stmcufinder/plugins/mcufinder//mcu/
2024-04-01 14:33:33,369 [WARN] DbFile:41 - Overriding database path with different value: /Users/robert/.stmcufinder/plugins/mcufinder/ => /Users/robert/.stmcufinder/plugins/mcufinder
2024-04-01 14:33:33,369 [WARN] DbFile:41 - Overriding database path with different value: /Users/robert/.stmcufinder/plugins/mcufinder/ => /Users/robert/.stmcufinder/plugins/mcufinder
2024-04-01 14:33:33,369 [INFO] CrossReferenceDbSqlite:203 - Set database path to: /Users/robert/.stmcufinder/plugins/mcufinder//mcu/cs/
2024-04-01 14:33:33,385 [INFO] ApplicationProperties:184 - Using Application install path: /Applications/STM32CubeIDE.app/Contents/Eclipse/plugins/com.st.stm32cube.common.mx_6.10.0.202311202037
2024-04-01 14:33:33,386 [INFO] PluginManage:196 - Search for loadable plugins [exclusion list=, ]
2024-04-01 14:33:33,388 [INFO] PluginManage:310 - Check plugin analytics
2024-04-01 14:33:33,576 [INFO] AnalyticsPlugin:253 - Accepted Software Licenses: 
2024-04-01 14:33:33,576 [INFO] AnalyticsPlugin:255 - Accepted CMSIS Pack Licenses: 
2024-04-01 14:33:33,576 [INFO] AnalyticsPlugin:257 - Accepted Firmware Licenses: FW.L4.1.18.0,FW.F4.1.28.0
2024-04-01 14:33:33,582 [INFO] PluginManage:359 - Loaded plugin analytics (category:tool,tabindex:-1)
2024-04-01 14:33:33,583 [INFO] PluginManage:310 - Check plugin cadmodel
2024-04-01 14:33:34,115 [INFO] CADModel:105 - Init CAD model plugin
